<?xml version="1.0" encoding="UTF-8"?>
<testng-results skipped="9" failed="2" total="11" passed="0">
  <reporter-output>
  </reporter-output>
  <suite name="Default suite" duration-ms="60767" started-at="2016-07-09T21:10:14Z" finished-at="2016-07-09T21:11:14Z">
    <groups>
    </groups>
    <test name="Default test" duration-ms="60767" started-at="2016-07-09T21:10:14Z" finished-at="2016-07-09T21:11:14Z">
      <class name="DDT.StackableCheckPOS">
        <test-method status="FAIL" signature="stackableScript(java.lang.String, java.lang.String)[pri:0, instance:DDT.StackableCheckPOS@2ef5e5e3]" name="stackableScript" duration-ms="46359" started-at="2016-07-09T17:10:15Z" data-provider="StackablePartCheck" finished-at="2016-07-09T17:11:01Z">
          <params>
            <param index="0">
              <value>
                <![CDATA[O1Y]]>
              </value>
            </param>
            <param index="1">
              <value>
                <![CDATA[5PS0K18191,5WS0K18193,5PS0K82830,5PS0K18192,5WS0A23008]]>
              </value>
            </param>
          </params>
          <exception class="org.openqa.selenium.WebDriverException">
            <message>
              <![CDATA[Element is not clickable at point (519.3999938964844, 715.75). Other element would receive the click: <span style="opacity: 0; display: inline;" class="lnvmodal lnvmodal-loader"></span>
Command duration or timeout: 74 milliseconds
Build info: version: '2.53.0', revision: '35ae25b', time: '2016-03-15 17:00:58'
System info: host: 'BHERRON-C0133ND', ip: '10.38.111.138', os.name: 'Windows 10', os.arch: 'amd64', os.version: '10.0', java.version: '1.8.0_91'
Driver info: org.openqa.selenium.firefox.FirefoxDriver
Capabilities [{applicationCacheEnabled=true, rotatable=false, handlesAlerts=true, databaseEnabled=true, version=45.2.0, platform=WINDOWS, nativeEvents=false, acceptSslCerts=true, webStorageEnabled=true, locationContextEnabled=true, browserName=firefox, takesScreenshot=true, javascriptEnabled=true, cssSelectorsEnabled=true}]
Session ID: 8b122a5e-99c5-4d28-b575-fe24420ff5e9]]>
            </message>
            <full-stacktrace>
              <![CDATA[org.openqa.selenium.WebDriverException: Element is not clickable at point (519.3999938964844, 715.75). Other element would receive the click: <span style="opacity: 0; display: inline;" class="lnvmodal lnvmodal-loader"></span>
Command duration or timeout: 74 milliseconds
Build info: version: '2.53.0', revision: '35ae25b', time: '2016-03-15 17:00:58'
System info: host: 'BHERRON-C0133ND', ip: '10.38.111.138', os.name: 'Windows 10', os.arch: 'amd64', os.version: '10.0', java.version: '1.8.0_91'
Driver info: org.openqa.selenium.firefox.FirefoxDriver
Capabilities [{applicationCacheEnabled=true, rotatable=false, handlesAlerts=true, databaseEnabled=true, version=45.2.0, platform=WINDOWS, nativeEvents=false, acceptSslCerts=true, webStorageEnabled=true, locationContextEnabled=true, browserName=firefox, takesScreenshot=true, javascriptEnabled=true, cssSelectorsEnabled=true}]
Session ID: 8b122a5e-99c5-4d28-b575-fe24420ff5e9
	at sun.reflect.NativeConstructorAccessorImpl.newInstance0(Native Method)
	at sun.reflect.NativeConstructorAccessorImpl.newInstance(Unknown Source)
	at sun.reflect.DelegatingConstructorAccessorImpl.newInstance(Unknown Source)
	at java.lang.reflect.Constructor.newInstance(Unknown Source)
	at org.openqa.selenium.remote.ErrorHandler.createThrowable(ErrorHandler.java:206)
	at org.openqa.selenium.remote.ErrorHandler.throwIfResponseFailed(ErrorHandler.java:158)
	at org.openqa.selenium.remote.RemoteWebDriver.execute(RemoteWebDriver.java:678)
	at org.openqa.selenium.remote.RemoteWebElement.execute(RemoteWebElement.java:327)
	at org.openqa.selenium.remote.RemoteWebElement.click(RemoteWebElement.java:85)
	at DDT.StackableCheckPOS.stackableScript(StackableCheckPOS.java:56)
	at sun.reflect.NativeMethodAccessorImpl.invoke0(Native Method)
	at sun.reflect.NativeMethodAccessorImpl.invoke(Unknown Source)
	at sun.reflect.DelegatingMethodAccessorImpl.invoke(Unknown Source)
	at java.lang.reflect.Method.invoke(Unknown Source)
	at org.testng.internal.MethodInvocationHelper.invokeMethod(MethodInvocationHelper.java:86)
	at org.testng.internal.Invoker.invokeMethod(Invoker.java:646)
	at org.testng.internal.Invoker.invokeTestMethod(Invoker.java:823)
	at org.testng.internal.Invoker.invokeTestMethods(Invoker.java:1131)
	at org.testng.internal.TestMethodWorker.invokeTestMethods(TestMethodWorker.java:129)
	at org.testng.internal.TestMethodWorker.run(TestMethodWorker.java:112)
	at org.testng.TestRunner.privateRun(TestRunner.java:778)
	at org.testng.TestRunner.run(TestRunner.java:632)
	at org.testng.SuiteRunner.runTest(SuiteRunner.java:366)
	at org.testng.SuiteRunner.runSequentially(SuiteRunner.java:361)
	at org.testng.SuiteRunner.privateRun(SuiteRunner.java:319)
	at org.testng.SuiteRunner.run(SuiteRunner.java:268)
	at org.testng.SuiteRunnerWorker.runSuite(SuiteRunnerWorker.java:52)
	at org.testng.SuiteRunnerWorker.run(SuiteRunnerWorker.java:86)
	at org.testng.TestNG.runSuitesSequentially(TestNG.java:1225)
	at org.testng.TestNG.runSuitesLocally(TestNG.java:1150)
	at org.testng.TestNG.runSuites(TestNG.java:1075)
	at org.testng.TestNG.run(TestNG.java:1047)
	at org.testng.remote.AbstractRemoteTestNG.run(AbstractRemoteTestNG.java:126)
	at org.testng.remote.RemoteTestNG.initAndRun(RemoteTestNG.java:137)
	at org.testng.remote.RemoteTestNG.main(RemoteTestNG.java:58)
]]>
            </full-stacktrace>
          </exception> <!-- org.openqa.selenium.WebDriverException -->
          <reporter-output>
          </reporter-output>
        </test-method> <!-- stackableScript -->
        <test-method status="PASS" signature="tearDown()[pri:0, instance:DDT.StackableCheckPOS@2ef5e5e3]" name="tearDown" is-config="true" duration-ms="1195" started-at="2016-07-09T17:11:01Z" finished-at="2016-07-09T17:11:02Z">
          <reporter-output>
          </reporter-output>
        </test-method> <!-- tearDown -->
        <test-method status="FAIL" signature="stackableScript(java.lang.String, java.lang.String)[pri:0, instance:DDT.StackableCheckPOS@2ef5e5e3]" name="stackableScript" duration-ms="10570" started-at="2016-07-09T17:11:02Z" data-provider="StackablePartCheck" finished-at="2016-07-09T17:11:13Z">
          <params>
            <param index="0">
              <value>
                <![CDATA[D1Y]]>
              </value>
            </param>
            <param index="1">
              <value>
                <![CDATA[5PS0A14085,5PS0K82830,5WS0A23008]]>
              </value>
            </param>
          </params>
          <exception class="org.openqa.selenium.remote.UnreachableBrowserException">
            <message>
              <![CDATA[Error communicating with the remote browser. It may have died.
Build info: version: '2.53.0', revision: '35ae25b', time: '2016-03-15 17:00:58'
System info: host: 'BHERRON-C0133ND', ip: '10.38.111.138', os.name: 'Windows 10', os.arch: 'amd64', os.version: '10.0', java.version: '1.8.0_91'
Driver info: driver.version: RemoteWebDriver
Capabilities [{applicationCacheEnabled=true, rotatable=false, handlesAlerts=true, databaseEnabled=true, version=45.2.0, platform=WINDOWS, nativeEvents=false, acceptSslCerts=true, webStorageEnabled=true, locationContextEnabled=true, browserName=firefox, takesScreenshot=true, javascriptEnabled=true, cssSelectorsEnabled=true}]
Session ID: dde40520-d45c-4a57-9e24-3deb5ea12e28]]>
            </message>
            <full-stacktrace>
              <![CDATA[org.openqa.selenium.remote.UnreachableBrowserException: Error communicating with the remote browser. It may have died.
Build info: version: '2.53.0', revision: '35ae25b', time: '2016-03-15 17:00:58'
System info: host: 'BHERRON-C0133ND', ip: '10.38.111.138', os.name: 'Windows 10', os.arch: 'amd64', os.version: '10.0', java.version: '1.8.0_91'
Driver info: driver.version: RemoteWebDriver
Capabilities [{applicationCacheEnabled=true, rotatable=false, handlesAlerts=true, databaseEnabled=true, version=45.2.0, platform=WINDOWS, nativeEvents=false, acceptSslCerts=true, webStorageEnabled=true, locationContextEnabled=true, browserName=firefox, takesScreenshot=true, javascriptEnabled=true, cssSelectorsEnabled=true}]
Session ID: dde40520-d45c-4a57-9e24-3deb5ea12e28
	at org.openqa.selenium.remote.RemoteWebDriver.execute(RemoteWebDriver.java:665)
	at org.openqa.selenium.remote.RemoteWebDriver.get(RemoteWebDriver.java:316)
	at DDT.StackableCheckPOS.stackableScript(StackableCheckPOS.java:47)
	at sun.reflect.NativeMethodAccessorImpl.invoke0(Native Method)
	at sun.reflect.NativeMethodAccessorImpl.invoke(Unknown Source)
	at sun.reflect.DelegatingMethodAccessorImpl.invoke(Unknown Source)
	at java.lang.reflect.Method.invoke(Unknown Source)
	at org.testng.internal.MethodInvocationHelper.invokeMethod(MethodInvocationHelper.java:86)
	at org.testng.internal.Invoker.invokeMethod(Invoker.java:646)
	at org.testng.internal.Invoker.invokeTestMethod(Invoker.java:823)
	at org.testng.internal.Invoker.invokeTestMethods(Invoker.java:1131)
	at org.testng.internal.TestMethodWorker.invokeTestMethods(TestMethodWorker.java:129)
	at org.testng.internal.TestMethodWorker.run(TestMethodWorker.java:112)
	at org.testng.TestRunner.privateRun(TestRunner.java:778)
	at org.testng.TestRunner.run(TestRunner.java:632)
	at org.testng.SuiteRunner.runTest(SuiteRunner.java:366)
	at org.testng.SuiteRunner.runSequentially(SuiteRunner.java:361)
	at org.testng.SuiteRunner.privateRun(SuiteRunner.java:319)
	at org.testng.SuiteRunner.run(SuiteRunner.java:268)
	at org.testng.SuiteRunnerWorker.runSuite(SuiteRunnerWorker.java:52)
	at org.testng.SuiteRunnerWorker.run(SuiteRunnerWorker.java:86)
	at org.testng.TestNG.runSuitesSequentially(TestNG.java:1225)
	at org.testng.TestNG.runSuitesLocally(TestNG.java:1150)
	at org.testng.TestNG.runSuites(TestNG.java:1075)
	at org.testng.TestNG.run(TestNG.java:1047)
	at org.testng.remote.AbstractRemoteTestNG.run(AbstractRemoteTestNG.java:126)
	at org.testng.remote.RemoteTestNG.initAndRun(RemoteTestNG.java:137)
	at org.testng.remote.RemoteTestNG.main(RemoteTestNG.java:58)
Caused by: org.apache.http.conn.HttpHostConnectException: Connect to 127.0.0.1:7056 [/127.0.0.1] failed: Connection refused: connect
	at org.apache.http.impl.conn.DefaultHttpClientConnectionOperator.connect(DefaultHttpClientConnectionOperator.java:151)
	at org.apache.http.impl.conn.PoolingHttpClientConnectionManager.connect(PoolingHttpClientConnectionManager.java:353)
	at org.apache.http.impl.execchain.MainClientExec.establishRoute(MainClientExec.java:380)
	at org.apache.http.impl.execchain.MainClientExec.execute(MainClientExec.java:236)
	at org.apache.http.impl.execchain.ProtocolExec.execute(ProtocolExec.java:184)
	at org.apache.http.impl.execchain.RetryExec.execute(RetryExec.java:88)
	at org.apache.http.impl.execchain.RedirectExec.execute(RedirectExec.java:110)
	at org.apache.http.impl.client.InternalHttpClient.doExecute(InternalHttpClient.java:184)
	at org.apache.http.impl.client.CloseableHttpClient.execute(CloseableHttpClient.java:71)
	at org.apache.http.impl.client.CloseableHttpClient.execute(CloseableHttpClient.java:55)
	at org.openqa.selenium.remote.internal.ApacheHttpClient.fallBackExecute(ApacheHttpClient.java:162)
	at org.openqa.selenium.remote.internal.ApacheHttpClient.execute(ApacheHttpClient.java:90)
	at org.openqa.selenium.remote.HttpCommandExecutor.execute(HttpCommandExecutor.java:142)
	at org.openqa.selenium.firefox.internal.NewProfileExtensionConnection.execute(NewProfileExtensionConnection.java:160)
	at org.openqa.selenium.firefox.FirefoxDriver$LazyCommandExecutor.execute(FirefoxDriver.java:380)
	at org.openqa.selenium.remote.RemoteWebDriver.execute(RemoteWebDriver.java:644)
	... 27 more
Caused by: java.net.ConnectException: Connection refused: connect
	at java.net.DualStackPlainSocketImpl.waitForConnect(Native Method)
	at java.net.DualStackPlainSocketImpl.socketConnect(Unknown Source)
	at java.net.AbstractPlainSocketImpl.doConnect(Unknown Source)
	at java.net.AbstractPlainSocketImpl.connectToAddress(Unknown Source)
	at java.net.AbstractPlainSocketImpl.connect(Unknown Source)
	at java.net.PlainSocketImpl.connect(Unknown Source)
	at java.net.SocksSocketImpl.connect(Unknown Source)
	at java.net.Socket.connect(Unknown Source)
	at org.apache.http.conn.socket.PlainConnectionSocketFactory.connectSocket(PlainConnectionSocketFactory.java:74)
	at org.apache.http.impl.conn.DefaultHttpClientConnectionOperator.connect(DefaultHttpClientConnectionOperator.java:134)
	... 42 more
]]>
            </full-stacktrace>
          </exception> <!-- org.openqa.selenium.remote.UnreachableBrowserException -->
          <reporter-output>
          </reporter-output>
        </test-method> <!-- stackableScript -->
        <test-method status="FAIL" signature="tearDown()[pri:0, instance:DDT.StackableCheckPOS@2ef5e5e3]" name="tearDown" is-config="true" duration-ms="0" started-at="2016-07-09T17:11:13Z" finished-at="2016-07-09T17:11:13Z">
          <exception class="org.openqa.selenium.remote.UnreachableBrowserException">
            <message>
              <![CDATA[Error communicating with the remote browser. It may have died.
Build info: version: '2.53.0', revision: '35ae25b', time: '2016-03-15 17:00:58'
System info: host: 'BHERRON-C0133ND', ip: '10.38.111.138', os.name: 'Windows 10', os.arch: 'amd64', os.version: '10.0', java.version: '1.8.0_91'
Driver info: driver.version: RemoteWebDriver
Capabilities [{applicationCacheEnabled=true, rotatable=false, handlesAlerts=true, databaseEnabled=true, version=45.2.0, platform=WINDOWS, nativeEvents=false, acceptSslCerts=true, webStorageEnabled=true, locationContextEnabled=true, browserName=firefox, takesScreenshot=true, javascriptEnabled=true, cssSelectorsEnabled=true}]
Session ID: dde40520-d45c-4a57-9e24-3deb5ea12e28]]>
            </message>
            <full-stacktrace>
              <![CDATA[org.openqa.selenium.remote.UnreachableBrowserException: Error communicating with the remote browser. It may have died.
Build info: version: '2.53.0', revision: '35ae25b', time: '2016-03-15 17:00:58'
System info: host: 'BHERRON-C0133ND', ip: '10.38.111.138', os.name: 'Windows 10', os.arch: 'amd64', os.version: '10.0', java.version: '1.8.0_91'
Driver info: driver.version: RemoteWebDriver
Capabilities [{applicationCacheEnabled=true, rotatable=false, handlesAlerts=true, databaseEnabled=true, version=45.2.0, platform=WINDOWS, nativeEvents=false, acceptSslCerts=true, webStorageEnabled=true, locationContextEnabled=true, browserName=firefox, takesScreenshot=true, javascriptEnabled=true, cssSelectorsEnabled=true}]
Session ID: dde40520-d45c-4a57-9e24-3deb5ea12e28
	at org.openqa.selenium.remote.RemoteWebDriver.execute(RemoteWebDriver.java:665)
	at org.openqa.selenium.remote.RemoteWebDriver.execute(RemoteWebDriver.java:701)
	at org.openqa.selenium.remote.RemoteWebDriver.quit(RemoteWebDriver.java:526)
	at DDT.StackableCheckPOS.tearDown(StackableCheckPOS.java:117)
	at sun.reflect.NativeMethodAccessorImpl.invoke0(Native Method)
	at sun.reflect.NativeMethodAccessorImpl.invoke(Unknown Source)
	at sun.reflect.DelegatingMethodAccessorImpl.invoke(Unknown Source)
	at java.lang.reflect.Method.invoke(Unknown Source)
	at org.testng.internal.MethodInvocationHelper.invokeMethod(MethodInvocationHelper.java:86)
	at org.testng.internal.Invoker.invokeConfigurationMethod(Invoker.java:515)
	at org.testng.internal.Invoker.invokeConfigurations(Invoker.java:216)
	at org.testng.internal.Invoker.invokeMethod(Invoker.java:712)
	at org.testng.internal.Invoker.invokeTestMethod(Invoker.java:823)
	at org.testng.internal.Invoker.invokeTestMethods(Invoker.java:1131)
	at org.testng.internal.TestMethodWorker.invokeTestMethods(TestMethodWorker.java:129)
	at org.testng.internal.TestMethodWorker.run(TestMethodWorker.java:112)
	at org.testng.TestRunner.privateRun(TestRunner.java:778)
	at org.testng.TestRunner.run(TestRunner.java:632)
	at org.testng.SuiteRunner.runTest(SuiteRunner.java:366)
	at org.testng.SuiteRunner.runSequentially(SuiteRunner.java:361)
	at org.testng.SuiteRunner.privateRun(SuiteRunner.java:319)
	at org.testng.SuiteRunner.run(SuiteRunner.java:268)
	at org.testng.SuiteRunnerWorker.runSuite(SuiteRunnerWorker.java:52)
	at org.testng.SuiteRunnerWorker.run(SuiteRunnerWorker.java:86)
	at org.testng.TestNG.runSuitesSequentially(TestNG.java:1225)
	at org.testng.TestNG.runSuitesLocally(TestNG.java:1150)
	at org.testng.TestNG.runSuites(TestNG.java:1075)
	at org.testng.TestNG.run(TestNG.java:1047)
	at org.testng.remote.AbstractRemoteTestNG.run(AbstractRemoteTestNG.java:126)
	at org.testng.remote.RemoteTestNG.initAndRun(RemoteTestNG.java:137)
	at org.testng.remote.RemoteTestNG.main(RemoteTestNG.java:58)
Caused by: org.apache.http.conn.HttpHostConnectException: Connect to 127.0.0.1:7056 [/127.0.0.1] failed: Connection refused: connect
	at org.apache.http.impl.conn.DefaultHttpClientConnectionOperator.connect(DefaultHttpClientConnectionOperator.java:151)
	at org.apache.http.impl.conn.PoolingHttpClientConnectionManager.connect(PoolingHttpClientConnectionManager.java:353)
	at org.apache.http.impl.execchain.MainClientExec.establishRoute(MainClientExec.java:380)
	at org.apache.http.impl.execchain.MainClientExec.execute(MainClientExec.java:236)
	at org.apache.http.impl.execchain.ProtocolExec.execute(ProtocolExec.java:184)
	at org.apache.http.impl.execchain.RetryExec.execute(RetryExec.java:88)
	at org.apache.http.impl.execchain.RedirectExec.execute(RedirectExec.java:110)
	at org.apache.http.impl.client.InternalHttpClient.doExecute(InternalHttpClient.java:184)
	at org.apache.http.impl.client.CloseableHttpClient.execute(CloseableHttpClient.java:71)
	at org.apache.http.impl.client.CloseableHttpClient.execute(CloseableHttpClient.java:55)
	at org.openqa.selenium.remote.internal.ApacheHttpClient.fallBackExecute(ApacheHttpClient.java:144)
	at org.openqa.selenium.remote.internal.ApacheHttpClient.execute(ApacheHttpClient.java:90)
	at org.openqa.selenium.remote.HttpCommandExecutor.execute(HttpCommandExecutor.java:142)
	at org.openqa.selenium.firefox.internal.NewProfileExtensionConnection.execute(NewProfileExtensionConnection.java:160)
	at org.openqa.selenium.firefox.FirefoxDriver$LazyCommandExecutor.execute(FirefoxDriver.java:380)
	at org.openqa.selenium.remote.RemoteWebDriver.execute(RemoteWebDriver.java:644)
	... 30 more
Caused by: java.net.ConnectException: Connection refused: connect
	at java.net.DualStackPlainSocketImpl.waitForConnect(Native Method)
	at java.net.DualStackPlainSocketImpl.socketConnect(Unknown Source)
	at java.net.AbstractPlainSocketImpl.doConnect(Unknown Source)
	at java.net.AbstractPlainSocketImpl.connectToAddress(Unknown Source)
	at java.net.AbstractPlainSocketImpl.connect(Unknown Source)
	at java.net.PlainSocketImpl.connect(Unknown Source)
	at java.net.SocksSocketImpl.connect(Unknown Source)
	at java.net.Socket.connect(Unknown Source)
	at org.apache.http.conn.socket.PlainConnectionSocketFactory.connectSocket(PlainConnectionSocketFactory.java:74)
	at org.apache.http.impl.conn.DefaultHttpClientConnectionOperator.connect(DefaultHttpClientConnectionOperator.java:134)
	... 45 more
]]>
            </full-stacktrace>
          </exception> <!-- org.openqa.selenium.remote.UnreachableBrowserException -->
          <reporter-output>
          </reporter-output>
        </test-method> <!-- tearDown -->
        <test-method status="SKIP" signature="stackableScript(java.lang.String, java.lang.String)[pri:0, instance:DDT.StackableCheckPOS@2ef5e5e3]" name="stackableScript" duration-ms="2" started-at="2016-07-09T17:11:14Z" data-provider="StackablePartCheck" finished-at="2016-07-09T17:11:14Z">
          <params>
            <param index="0">
              <value>
                <![CDATA[O2Y]]>
              </value>
            </param>
            <param index="1">
              <value>
                <![CDATA[5PS0K18188,5WS0K18195,5WS0K18203,5PS0K82831,5PS0K18199,5WS0A22896]]>
              </value>
            </param>
          </params>
          <reporter-output>
          </reporter-output>
        </test-method> <!-- stackableScript -->
        <test-method status="SKIP" signature="tearDown()[pri:0, instance:DDT.StackableCheckPOS@2ef5e5e3]" name="tearDown" is-config="true" duration-ms="0" started-at="2016-07-09T17:11:14Z" finished-at="2016-07-09T17:11:14Z">
          <reporter-output>
          </reporter-output>
        </test-method> <!-- tearDown -->
        <test-method status="SKIP" signature="stackableScript(java.lang.String, java.lang.String)[pri:0, instance:DDT.StackableCheckPOS@2ef5e5e3]" name="stackableScript" duration-ms="1" started-at="2016-07-09T17:11:14Z" data-provider="StackablePartCheck" finished-at="2016-07-09T17:11:14Z">
          <params>
            <param index="0">
              <value>
                <![CDATA[D3Y]]>
              </value>
            </param>
            <param index="1">
              <value>
                <![CDATA[5PS0A23051,5WS0A22894,5PS0K82840,5PS0A23144,5WS0A23257]]>
              </value>
            </param>
          </params>
          <reporter-output>
          </reporter-output>
        </test-method> <!-- stackableScript -->
        <test-method status="SKIP" signature="tearDown()[pri:0, instance:DDT.StackableCheckPOS@2ef5e5e3]" name="tearDown" is-config="true" duration-ms="0" started-at="2016-07-09T17:11:14Z" finished-at="2016-07-09T17:11:14Z">
          <reporter-output>
          </reporter-output>
        </test-method> <!-- tearDown -->
        <test-method status="SKIP" signature="stackableScript(java.lang.String, java.lang.String)[pri:0, instance:DDT.StackableCheckPOS@2ef5e5e3]" name="stackableScript" duration-ms="8" started-at="2016-07-09T17:11:14Z" data-provider="StackablePartCheck" finished-at="2016-07-09T17:11:14Z">
          <params>
            <param index="0">
              <value>
                <![CDATA[O3Y]]>
              </value>
            </param>
            <param index="1">
              <value>
                <![CDATA[5PS0A23193,5WS0A23013,5WS0F22442,5PS0K82840,5PS0A23278,5WS0A23257]]>
              </value>
            </param>
          </params>
          <reporter-output>
          </reporter-output>
        </test-method> <!-- stackableScript -->
        <test-method status="SKIP" signature="tearDown()[pri:0, instance:DDT.StackableCheckPOS@2ef5e5e3]" name="tearDown" is-config="true" duration-ms="0" started-at="2016-07-09T17:11:14Z" finished-at="2016-07-09T17:11:14Z">
          <reporter-output>
          </reporter-output>
        </test-method> <!-- tearDown -->
        <test-method status="SKIP" signature="stackableScript(java.lang.String, java.lang.String)[pri:0, instance:DDT.StackableCheckPOS@2ef5e5e3]" name="stackableScript" duration-ms="3" started-at="2016-07-09T17:11:14Z" data-provider="StackablePartCheck" finished-at="2016-07-09T17:11:14Z">
          <params>
            <param index="0">
              <value>
                <![CDATA[O4Y]]>
              </value>
            </param>
            <param index="1">
              <value>
                <![CDATA[5PS0A22966,5WS0A23013,5WS0K18196,5PS0K82842,5PS0G79465,5WS0A23127]]>
              </value>
            </param>
          </params>
          <reporter-output>
          </reporter-output>
        </test-method> <!-- stackableScript -->
        <test-method status="SKIP" signature="tearDown()[pri:0, instance:DDT.StackableCheckPOS@2ef5e5e3]" name="tearDown" is-config="true" duration-ms="0" started-at="2016-07-09T17:11:14Z" finished-at="2016-07-09T17:11:14Z">
          <reporter-output>
          </reporter-output>
        </test-method> <!-- tearDown -->
        <test-method status="SKIP" signature="stackableScript(java.lang.String, java.lang.String)[pri:0, instance:DDT.StackableCheckPOS@2ef5e5e3]" name="stackableScript" duration-ms="2" started-at="2016-07-09T17:11:14Z" data-provider="StackablePartCheck" finished-at="2016-07-09T17:11:14Z">
          <params>
            <param index="0">
              <value>
                <![CDATA[D4Y]]>
              </value>
            </param>
            <param index="1">
              <value>
                <![CDATA[5PS0A23204,5WS0A22894,5PS0K82842,5PS0A22812,5WS0A23127]]>
              </value>
            </param>
          </params>
          <reporter-output>
          </reporter-output>
        </test-method> <!-- stackableScript -->
        <test-method status="SKIP" signature="tearDown()[pri:0, instance:DDT.StackableCheckPOS@2ef5e5e3]" name="tearDown" is-config="true" duration-ms="0" started-at="2016-07-09T17:11:14Z" finished-at="2016-07-09T17:11:14Z">
          <reporter-output>
          </reporter-output>
        </test-method> <!-- tearDown -->
        <test-method status="SKIP" signature="stackableScript(java.lang.String, java.lang.String)[pri:0, instance:DDT.StackableCheckPOS@2ef5e5e3]" name="stackableScript" duration-ms="2" started-at="2016-07-09T17:11:14Z" data-provider="StackablePartCheck" finished-at="2016-07-09T17:11:14Z">
          <params>
            <param index="0">
              <value>
                <![CDATA[O5Y]]>
              </value>
            </param>
            <param index="1">
              <value>
                <![CDATA[5PS0K18187,5WS0A23013,5WS0K18202,5PS0K82820,5PS0K18198,5WS0A22999]]>
              </value>
            </param>
          </params>
          <reporter-output>
          </reporter-output>
        </test-method> <!-- stackableScript -->
        <test-method status="SKIP" signature="tearDown()[pri:0, instance:DDT.StackableCheckPOS@2ef5e5e3]" name="tearDown" is-config="true" duration-ms="0" started-at="2016-07-09T17:11:14Z" finished-at="2016-07-09T17:11:14Z">
          <reporter-output>
          </reporter-output>
        </test-method> <!-- tearDown -->
        <test-method status="SKIP" signature="stackableScript(java.lang.String, java.lang.String)[pri:0, instance:DDT.StackableCheckPOS@2ef5e5e3]" name="stackableScript" duration-ms="1" started-at="2016-07-09T17:11:14Z" data-provider="StackablePartCheck" finished-at="2016-07-09T17:11:14Z">
          <params>
            <param index="0">
              <value>
                <![CDATA[D5Y]]>
              </value>
            </param>
            <param index="1">
              <value>
                <![CDATA[5PS0K18200,5WS0A22894,5PS0K82820,5PS0K18194,5WS0A22999]]>
              </value>
            </param>
          </params>
          <reporter-output>
          </reporter-output>
        </test-method> <!-- stackableScript -->
        <test-method status="SKIP" signature="tearDown()[pri:0, instance:DDT.StackableCheckPOS@2ef5e5e3]" name="tearDown" is-config="true" duration-ms="0" started-at="2016-07-09T17:11:14Z" finished-at="2016-07-09T17:11:14Z">
          <reporter-output>
          </reporter-output>
        </test-method> <!-- tearDown -->
        <test-method status="SKIP" signature="stackableScript(java.lang.String, java.lang.String)[pri:0, instance:DDT.StackableCheckPOS@2ef5e5e3]" name="stackableScript" duration-ms="9" started-at="2016-07-09T17:11:14Z" data-provider="StackablePartCheck" finished-at="2016-07-09T17:11:14Z">
          <params>
            <param index="0">
              <value>
                <![CDATA[D2Y]]>
              </value>
            </param>
            <param index="1">
              <value>
                <![CDATA[5WS0K18189,5PS0K82831,5PS0K18184,5WS0A22896]]>
              </value>
            </param>
          </params>
          <reporter-output>
          </reporter-output>
        </test-method> <!-- stackableScript -->
        <test-method status="SKIP" signature="tearDown()[pri:0, instance:DDT.StackableCheckPOS@2ef5e5e3]" name="tearDown" is-config="true" duration-ms="0" started-at="2016-07-09T17:11:14Z" finished-at="2016-07-09T17:11:14Z">
          <reporter-output>
          </reporter-output>
        </test-method> <!-- tearDown -->
        <test-method status="SKIP" signature="stackableScript(java.lang.String, java.lang.String)[pri:0, instance:DDT.StackableCheckPOS@2ef5e5e3]" name="stackableScript" duration-ms="2" started-at="2016-07-09T17:11:14Z" data-provider="StackablePartCheck" finished-at="2016-07-09T17:11:14Z">
          <params>
            <param index="0">
              <value>
                <![CDATA[O5Y]]>
              </value>
            </param>
            <param index="1">
              <value>
                <![CDATA[5PS0K18187,5WS0A23013,5WS0K18202,5PS0K82820,5PS0K18198,5WS0A22999]]>
              </value>
            </param>
          </params>
          <reporter-output>
          </reporter-output>
        </test-method> <!-- stackableScript -->
        <test-method status="SKIP" signature="tearDown()[pri:0, instance:DDT.StackableCheckPOS@2ef5e5e3]" name="tearDown" is-config="true" duration-ms="0" started-at="2016-07-09T17:11:14Z" finished-at="2016-07-09T17:11:14Z">
          <reporter-output>
          </reporter-output>
        </test-method> <!-- tearDown -->
      </class> <!-- DDT.StackableCheckPOS -->
    </test> <!-- Default test -->
  </suite> <!-- Default suite -->
</testng-results>
